[debug] [2023-05-25T20:56:11.281Z] ----------------------------------------------------------------------
[debug] [2023-05-25T20:56:11.282Z] Command:       C:\Program Files\nodejs\node.exe C:\Users\calvi\AppData\Roaming\npm\node_modules\firebase-tools\lib\bin\firebase.js emulators:start
[debug] [2023-05-25T20:56:11.283Z] CLI Version:   12.2.1
[debug] [2023-05-25T20:56:11.283Z] Platform:      win32
[debug] [2023-05-25T20:56:11.283Z] Node Version:  v18.15.0
[debug] [2023-05-25T20:56:11.284Z] Time:          Thu May 25 2023 13:56:11 GMT-0700 (Pacific Daylight Saving Time)
[debug] [2023-05-25T20:56:11.284Z] ----------------------------------------------------------------------
[debug] 
[debug] [2023-05-25T20:56:11.378Z] > command requires scopes: ["email","openid","https://www.googleapis.com/auth/cloudplatformprojects.readonly","https://www.googleapis.com/auth/firebase","https://www.googleapis.com/auth/cloud-platform"]
[debug] [2023-05-25T20:56:11.378Z] > authorizing via signed-in user (calvinducharme@gmail.com)
[debug] [2023-05-25T20:56:12.996Z] java version "11.0.17" 2022-10-18 LTS

[debug] [2023-05-25T20:56:12.997Z] Java(TM) SE Runtime Environment 18.9 (build 11.0.17+10-LTS-269)
Java HotSpot(TM) 64-Bit Server VM 18.9 (build 11.0.17+10-LTS-269, mixed mode)

[debug] [2023-05-25T20:56:13.032Z] Parsed Java major version: 11
[info] i  emulators: Starting emulators: firestore {"metadata":{"emulator":{"name":"hub"},"message":"Starting emulators: firestore"}}
[debug] [2023-05-25T20:56:13.042Z] [logging] Logging Emulator only supports listening on one address (127.0.0.1). Not listening on ::1
[debug] [2023-05-25T20:56:13.042Z] [firestore] Firestore Emulator only supports listening on one address (127.0.0.1). Not listening on ::1
[debug] [2023-05-25T20:56:13.042Z] [firestore.websocket] websocket server for firestore only supports listening on one address (127.0.0.1). Not listening on ::1
[debug] [2023-05-25T20:56:13.042Z] assigned listening specs for emulators {"user":{"hub":[{"address":"127.0.0.1","family":"IPv4","port":4400},{"address":"::1","family":"IPv6","port":4400}],"ui":[{"address":"127.0.0.1","family":"IPv4","port":4000},{"address":"::1","family":"IPv6","port":4000}],"logging":[{"address":"127.0.0.1","family":"IPv4","port":4500}],"firestore":[{"address":"127.0.0.1","family":"IPv4","port":8080}],"firestore.websocket":[{"address":"127.0.0.1","family":"IPv4","port":9150}]},"metadata":{"message":"assigned listening specs for emulators"}}
[debug] [2023-05-25T20:56:13.055Z] [hub] writing locator at C:\Users\calvi\AppData\Local\Temp\hub-calvin-art.json
[debug] [2023-05-25T20:56:13.066Z] Ignoring unsupported arg: auto_download {"metadata":{"emulator":{"name":"firestore"},"message":"Ignoring unsupported arg: auto_download"}}
[debug] [2023-05-25T20:56:13.066Z] Ignoring unsupported arg: single_project_mode_error {"metadata":{"emulator":{"name":"firestore"},"message":"Ignoring unsupported arg: single_project_mode_error"}}
[debug] [2023-05-25T20:56:13.067Z] Starting Firestore Emulator with command {"binary":"java","args":["-Dgoogle.cloud_firestore.debug_log_level=FINE","-Duser.language=en","-jar","C:\\Users\\calvi\\.cache\\firebase\\emulators\\cloud-firestore-emulator-v1.17.4.jar","--host","127.0.0.1","--port",8080,"--websocket_port",9150,"--project_id","calvin-art","--rules","C:\\Users\\calvi\\3D Objects\\calvin.art\\firestore.rules","--single_project_mode",true],"optionalArgs":["port","webchannel_port","host","rules","websocket_port","functions_emulator","seed_from_export","project_id","single_project_mode"],"joinArgs":false} {"metadata":{"emulator":{"name":"firestore"},"message":"Starting Firestore Emulator with command {\"binary\":\"java\",\"args\":[\"-Dgoogle.cloud_firestore.debug_log_level=FINE\",\"-Duser.language=en\",\"-jar\",\"C:\\\\Users\\\\calvi\\\\.cache\\\\firebase\\\\emulators\\\\cloud-firestore-emulator-v1.17.4.jar\",\"--host\",\"127.0.0.1\",\"--port\",8080,\"--websocket_port\",9150,\"--project_id\",\"calvin-art\",\"--rules\",\"C:\\\\Users\\\\calvi\\\\3D Objects\\\\calvin.art\\\\firestore.rules\",\"--single_project_mode\",true],\"optionalArgs\":[\"port\",\"webchannel_port\",\"host\",\"rules\",\"websocket_port\",\"functions_emulator\",\"seed_from_export\",\"project_id\",\"single_project_mode\"],\"joinArgs\":false}"}}
[info] i  firestore: Firestore Emulator logging to firestore-debug.log {"metadata":{"emulator":{"name":"firestore"},"message":"Firestore Emulator logging to \u001b[1mfirestore-debug.log\u001b[22m"}}
[info] +  firestore: Firestore Emulator UI websocket is running on 9150. {"metadata":{"emulator":{"name":"firestore"},"message":"Firestore Emulator UI websocket is running on 9150."}}
[info] i  ui: downloading ui-v1.11.6.zip... {"metadata":{"emulator":{"name":"ui"},"message":"downloading ui-v1.11.6.zip..."}}
[debug] [2023-05-25T20:56:14.624Z] >>> [apiv2][query] GET https://storage.googleapis.com/firebase-preview-drop/emulator/ui-v1.11.6.zip 
[debug] [2023-05-25T20:56:14.784Z] <<< [apiv2][status] GET https://storage.googleapis.com/firebase-preview-drop/emulator/ui-v1.11.6.zip 200
[debug] [2023-05-25T20:56:14.784Z] <<< [apiv2][body] GET https://storage.googleapis.com/firebase-preview-drop/emulator/ui-v1.11.6.zip [stream]
[debug] [2023-05-25T20:56:15.094Z] Data is 3063444
[debug] [2023-05-25T20:56:15.095Z] [unzip] Entry: client/ (compressed_size=0 bytes, uncompressed_size=0 bytes)
[debug] [2023-05-25T20:56:15.095Z] [unzip] Processing entry: client\
[debug] [2023-05-25T20:56:15.095Z] [unzip] mkdir: C:\Users\calvi\.cache\firebase\emulators\ui-v1.11.6\client\
[debug] [2023-05-25T20:56:15.095Z] [unzip] Entry: client/favicon.ico (compressed_size=2497 bytes, uncompressed_size=7406 bytes)
[debug] [2023-05-25T20:56:15.095Z] [unzip] Processing entry: client\favicon.ico
[debug] [2023-05-25T20:56:15.095Z] [unzip] else mkdir: C:\Users\calvi\.cache\firebase\emulators\ui-v1.11.6\client
[debug] [2023-05-25T20:56:15.096Z] [unzip] deflating: C:\Users\calvi\.cache\firebase\emulators\ui-v1.11.6\client\favicon.ico
[debug] [2023-05-25T20:56:15.099Z] [unzip] Entry: client/apple-touch-icon.png (compressed_size=7231 bytes, uncompressed_size=7367 bytes)
[debug] [2023-05-25T20:56:15.099Z] [unzip] Processing entry: client\apple-touch-icon.png
[debug] [2023-05-25T20:56:15.099Z] [unzip] else mkdir: C:\Users\calvi\.cache\firebase\emulators\ui-v1.11.6\client
[debug] [2023-05-25T20:56:15.099Z] [unzip] deflating: C:\Users\calvi\.cache\firebase\emulators\ui-v1.11.6\client\apple-touch-icon.png
[debug] [2023-05-25T20:56:15.100Z] [unzip] Entry: client/android-chrome-512x512.png (compressed_size=16987 bytes, uncompressed_size=18186 bytes)
[debug] [2023-05-25T20:56:15.100Z] [unzip] Processing entry: client\android-chrome-512x512.png
[debug] [2023-05-25T20:56:15.100Z] [unzip] else mkdir: C:\Users\calvi\.cache\firebase\emulators\ui-v1.11.6\client
[debug] [2023-05-25T20:56:15.101Z] [unzip] deflating: C:\Users\calvi\.cache\firebase\emulators\ui-v1.11.6\client\android-chrome-512x512.png
[debug] [2023-05-25T20:56:15.102Z] [unzip] Entry: client/assets/ (compressed_size=0 bytes, uncompressed_size=0 bytes)
[debug] [2023-05-25T20:56:15.102Z] [unzip] Processing entry: client\assets\
[debug] [2023-05-25T20:56:15.102Z] [unzip] mkdir: C:\Users\calvi\.cache\firebase\emulators\ui-v1.11.6\client\assets\
[debug] [2023-05-25T20:56:15.102Z] [unzip] Entry: client/assets/extensions/ (compressed_size=0 bytes, uncompressed_size=0 bytes)
[debug] [2023-05-25T20:56:15.102Z] [unzip] Processing entry: client\assets\extensions\
[debug] [2023-05-25T20:56:15.102Z] [unzip] mkdir: C:\Users\calvi\.cache\firebase\emulators\ui-v1.11.6\client\assets\extensions\
[debug] [2023-05-25T20:56:15.103Z] [unzip] Entry: client/assets/extensions/default-extension.png (compressed_size=1646 bytes, uncompressed_size=1657 bytes)
[debug] [2023-05-25T20:56:15.103Z] [unzip] Processing entry: client\assets\extensions\default-extension.png
[debug] [2023-05-25T20:56:15.103Z] [unzip] else mkdir: C:\Users\calvi\.cache\firebase\emulators\ui-v1.11.6\client\assets\extensions
[debug] [2023-05-25T20:56:15.103Z] [unzip] deflating: C:\Users\calvi\.cache\firebase\emulators\ui-v1.11.6\client\assets\extensions\default-extension.png
[debug] [2023-05-25T20:56:15.104Z] [unzip] Entry: client/assets/index.85584c3f.js (compressed_size=526096 bytes, uncompressed_size=1859818 bytes)
[debug] [2023-05-25T20:56:15.104Z] [unzip] Processing entry: client\assets\index.85584c3f.js
[debug] [2023-05-25T20:56:15.104Z] [unzip] else mkdir: C:\Users\calvi\.cache\firebase\emulators\ui-v1.11.6\client\assets
[debug] [2023-05-25T20:56:15.105Z] [unzip] deflating: C:\Users\calvi\.cache\firebase\emulators\ui-v1.11.6\client\assets\index.85584c3f.js
[debug] [2023-05-25T20:56:15.113Z] [unzip] Entry: client/assets/provider-icons/ (compressed_size=0 bytes, uncompressed_size=0 bytes)
[debug] [2023-05-25T20:56:15.113Z] [unzip] Processing entry: client\assets\provider-icons\
[debug] [2023-05-25T20:56:15.114Z] [unzip] mkdir: C:\Users\calvi\.cache\firebase\emulators\ui-v1.11.6\client\assets\provider-icons\
[debug] [2023-05-25T20:56:15.114Z] [unzip] Entry: client/assets/provider-icons/auth_service_oidc.svg (compressed_size=414 bytes, uncompressed_size=858 bytes)
[debug] [2023-05-25T20:56:15.114Z] [unzip] Processing entry: client\assets\provider-icons\auth_service_oidc.svg
[debug] [2023-05-25T20:56:15.114Z] [unzip] else mkdir: C:\Users\calvi\.cache\firebase\emulators\ui-v1.11.6\client\assets\provider-icons
[debug] [2023-05-25T20:56:15.114Z] [unzip] deflating: C:\Users\calvi\.cache\firebase\emulators\ui-v1.11.6\client\assets\provider-icons\auth_service_oidc.svg
[debug] [2023-05-25T20:56:15.115Z] [unzip] Entry: client/assets/provider-icons/auth_service_yahoo.svg (compressed_size=577 bytes, uncompressed_size=1182 bytes)
[debug] [2023-05-25T20:56:15.115Z] [unzip] Processing entry: client\assets\provider-icons\auth_service_yahoo.svg
[debug] [2023-05-25T20:56:15.115Z] [unzip] else mkdir: C:\Users\calvi\.cache\firebase\emulators\ui-v1.11.6\client\assets\provider-icons
[debug] [2023-05-25T20:56:15.115Z] [unzip] deflating: C:\Users\calvi\.cache\firebase\emulators\ui-v1.11.6\client\assets\provider-icons\auth_service_yahoo.svg
[debug] [2023-05-25T20:56:15.116Z] [unzip] Entry: client/assets/provider-icons/auth_service_phone.svg (compressed_size=261 bytes, uncompressed_size=414 bytes)
[debug] [2023-05-25T20:56:15.116Z] [unzip] Processing entry: client\assets\provider-icons\auth_service_phone.svg
[debug] [2023-05-25T20:56:15.116Z] [unzip] else mkdir: C:\Users\calvi\.cache\firebase\emulators\ui-v1.11.6\client\assets\provider-icons
[debug] [2023-05-25T20:56:15.116Z] [unzip] deflating: C:\Users\calvi\.cache\firebase\emulators\ui-v1.11.6\client\assets\provider-icons\auth_service_phone.svg
[debug] [2023-05-25T20:56:15.117Z] [unzip] Entry: client/assets/provider-icons/auth_service_saml.svg (compressed_size=575 bytes, uncompressed_size=1226 bytes)
[debug] [2023-05-25T20:56:15.117Z] [unzip] Processing entry: client\assets\provider-icons\auth_service_saml.svg
[debug] [2023-05-25T20:56:15.117Z] [unzip] else mkdir: C:\Users\calvi\.cache\firebase\emulators\ui-v1.11.6\client\assets\provider-icons
[debug] [2023-05-25T20:56:15.117Z] [unzip] deflating: C:\Users\calvi\.cache\firebase\emulators\ui-v1.11.6\client\assets\provider-icons\auth_service_saml.svg
[debug] [2023-05-25T20:56:15.118Z] [unzip] Entry: client/assets/provider-icons/auth_service_mslive.svg (compressed_size=203 bytes, uncompressed_size=378 bytes)
[debug] [2023-05-25T20:56:15.118Z] [unzip] Processing entry: client\assets\provider-icons\auth_service_mslive.svg
[debug] [2023-05-25T20:56:15.118Z] [unzip] else mkdir: C:\Users\calvi\.cache\firebase\emulators\ui-v1.11.6\client\assets\provider-icons
[debug] [2023-05-25T20:56:15.119Z] [unzip] deflating: C:\Users\calvi\.cache\firebase\emulators\ui-v1.11.6\client\assets\provider-icons\auth_service_mslive.svg
[debug] [2023-05-25T20:56:15.119Z] [unzip] Entry: client/assets/provider-icons/auth_service_facebook.svg (compressed_size=289 bytes, uncompressed_size=457 bytes)
[debug] [2023-05-25T20:56:15.119Z] [unzip] Processing entry: client\assets\provider-icons\auth_service_facebook.svg
[debug] [2023-05-25T20:56:15.120Z] [unzip] else mkdir: C:\Users\calvi\.cache\firebase\emulators\ui-v1.11.6\client\assets\provider-icons
[debug] [2023-05-25T20:56:15.120Z] [unzip] deflating: C:\Users\calvi\.cache\firebase\emulators\ui-v1.11.6\client\assets\provider-icons\auth_service_facebook.svg
[debug] [2023-05-25T20:56:15.121Z] [unzip] Entry: client/assets/provider-icons/auth_service_play_games.svg (compressed_size=565 bytes, uncompressed_size=1173 bytes)
[debug] [2023-05-25T20:56:15.121Z] [unzip] Processing entry: client\assets\provider-icons\auth_service_play_games.svg
[debug] [2023-05-25T20:56:15.121Z] [unzip] else mkdir: C:\Users\calvi\.cache\firebase\emulators\ui-v1.11.6\client\assets\provider-icons
[debug] [2023-05-25T20:56:15.121Z] [unzip] deflating: C:\Users\calvi\.cache\firebase\emulators\ui-v1.11.6\client\assets\provider-icons\auth_service_play_games.svg
[debug] [2023-05-25T20:56:15.122Z] [unzip] Entry: client/assets/provider-icons/auth_service_github.svg (compressed_size=466 bytes, uncompressed_size=838 bytes)
[debug] [2023-05-25T20:56:15.122Z] [unzip] Processing entry: client\assets\provider-icons\auth_service_github.svg
[debug] [2023-05-25T20:56:15.122Z] [unzip] else mkdir: C:\Users\calvi\.cache\firebase\emulators\ui-v1.11.6\client\assets\provider-icons
[debug] [2023-05-25T20:56:15.122Z] [unzip] deflating: C:\Users\calvi\.cache\firebase\emulators\ui-v1.11.6\client\assets\provider-icons\auth_service_github.svg
[debug] [2023-05-25T20:56:15.123Z] [unzip] Entry: client/assets/provider-icons/auth_service_apple.svg (compressed_size=230 bytes, uncompressed_size=334 bytes)
[debug] [2023-05-25T20:56:15.123Z] [unzip] Processing entry: client\assets\provider-icons\auth_service_apple.svg
[debug] [2023-05-25T20:56:15.123Z] [unzip] else mkdir: C:\Users\calvi\.cache\firebase\emulators\ui-v1.11.6\client\assets\provider-icons
[debug] [2023-05-25T20:56:15.123Z] [unzip] deflating: C:\Users\calvi\.cache\firebase\emulators\ui-v1.11.6\client\assets\provider-icons\auth_service_apple.svg
[debug] [2023-05-25T20:56:15.124Z] [unzip] Entry: client/assets/provider-icons/auth_service_google.svg (compressed_size=409 bytes, uncompressed_size=720 bytes)
[debug] [2023-05-25T20:56:15.124Z] [unzip] Processing entry: client\assets\provider-icons\auth_service_google.svg
[debug] [2023-05-25T20:56:15.124Z] [unzip] else mkdir: C:\Users\calvi\.cache\firebase\emulators\ui-v1.11.6\client\assets\provider-icons
[debug] [2023-05-25T20:56:15.124Z] [unzip] deflating: C:\Users\calvi\.cache\firebase\emulators\ui-v1.11.6\client\assets\provider-icons\auth_service_google.svg
[debug] [2023-05-25T20:56:15.125Z] [unzip] Entry: client/assets/provider-icons/auth_service_email.svg (compressed_size=228 bytes, uncompressed_size=326 bytes)
[debug] [2023-05-25T20:56:15.125Z] [unzip] Processing entry: client\assets\provider-icons\auth_service_email.svg
[debug] [2023-05-25T20:56:15.125Z] [unzip] else mkdir: C:\Users\calvi\.cache\firebase\emulators\ui-v1.11.6\client\assets\provider-icons
[debug] [2023-05-25T20:56:15.125Z] [unzip] deflating: C:\Users\calvi\.cache\firebase\emulators\ui-v1.11.6\client\assets\provider-icons\auth_service_email.svg
[debug] [2023-05-25T20:56:15.126Z] [unzip] Entry: client/assets/provider-icons/auth_service_twitter.svg (compressed_size=444 bytes, uncompressed_size=751 bytes)
[debug] [2023-05-25T20:56:15.126Z] [unzip] Processing entry: client\assets\provider-icons\auth_service_twitter.svg
[debug] [2023-05-25T20:56:15.126Z] [unzip] else mkdir: C:\Users\calvi\.cache\firebase\emulators\ui-v1.11.6\client\assets\provider-icons
[debug] [2023-05-25T20:56:15.126Z] [unzip] deflating: C:\Users\calvi\.cache\firebase\emulators\ui-v1.11.6\client\assets\provider-icons\auth_service_twitter.svg
[debug] [2023-05-25T20:56:15.127Z] [unzip] Entry: client/assets/provider-icons/auth_service_game_center.svg (compressed_size=991 bytes, uncompressed_size=3921 bytes)
[debug] [2023-05-25T20:56:15.127Z] [unzip] Processing entry: client\assets\provider-icons\auth_service_game_center.svg
[debug] [2023-05-25T20:56:15.127Z] [unzip] else mkdir: C:\Users\calvi\.cache\firebase\emulators\ui-v1.11.6\client\assets\provider-icons
[debug] [2023-05-25T20:56:15.127Z] [unzip] deflating: C:\Users\calvi\.cache\firebase\emulators\ui-v1.11.6\client\assets\provider-icons\auth_service_game_center.svg
[debug] [2023-05-25T20:56:15.128Z] [unzip] Entry: client/assets/img/ (compressed_size=0 bytes, uncompressed_size=0 bytes)
[debug] [2023-05-25T20:56:15.128Z] [unzip] Processing entry: client\assets\img\
[debug] [2023-05-25T20:56:15.128Z] [unzip] mkdir: C:\Users\calvi\.cache\firebase\emulators\ui-v1.11.6\client\assets\img\
[debug] [2023-05-25T20:56:15.128Z] [unzip] Entry: client/assets/img/database.png (compressed_size=29449 bytes, uncompressed_size=29988 bytes)
[debug] [2023-05-25T20:56:15.128Z] [unzip] Processing entry: client\assets\img\database.png
[debug] [2023-05-25T20:56:15.128Z] [unzip] else mkdir: C:\Users\calvi\.cache\firebase\emulators\ui-v1.11.6\client\assets\img
[debug] [2023-05-25T20:56:15.128Z] [unzip] deflating: C:\Users\calvi\.cache\firebase\emulators\ui-v1.11.6\client\assets\img\database.png
[debug] [2023-05-25T20:56:15.129Z] [unzip] Entry: client/assets/index.b9383ce5.css (compressed_size=37605 bytes, uncompressed_size=321268 bytes)
[debug] [2023-05-25T20:56:15.129Z] [unzip] Processing entry: client\assets\index.b9383ce5.css
[debug] [2023-05-25T20:56:15.129Z] [unzip] else mkdir: C:\Users\calvi\.cache\firebase\emulators\ui-v1.11.6\client\assets
[debug] [2023-05-25T20:56:15.129Z] [unzip] deflating: C:\Users\calvi\.cache\firebase\emulators\ui-v1.11.6\client\assets\index.b9383ce5.css
[debug] [2023-05-25T20:56:15.131Z] [unzip] Entry: client/assets/index.85584c3f.js.map (compressed_size=1778028 bytes, uncompressed_size=7960238 bytes)
[debug] [2023-05-25T20:56:15.131Z] [unzip] Processing entry: client\assets\index.85584c3f.js.map
[debug] [2023-05-25T20:56:15.131Z] [unzip] else mkdir: C:\Users\calvi\.cache\firebase\emulators\ui-v1.11.6\client\assets
[debug] [2023-05-25T20:56:15.132Z] [unzip] deflating: C:\Users\calvi\.cache\firebase\emulators\ui-v1.11.6\client\assets\index.85584c3f.js.map
[debug] [2023-05-25T20:56:15.163Z] [unzip] Entry: client/safari-pinned-tab.svg (compressed_size=838 bytes, uncompressed_size=1504 bytes)
[debug] [2023-05-25T20:56:15.163Z] [unzip] Processing entry: client\safari-pinned-tab.svg
[debug] [2023-05-25T20:56:15.163Z] [unzip] else mkdir: C:\Users\calvi\.cache\firebase\emulators\ui-v1.11.6\client
[debug] [2023-05-25T20:56:15.163Z] [unzip] deflating: C:\Users\calvi\.cache\firebase\emulators\ui-v1.11.6\client\safari-pinned-tab.svg
[debug] [2023-05-25T20:56:15.164Z] [unzip] Entry: client/mstile-150x150.png (compressed_size=5406 bytes, uncompressed_size=5723 bytes)
[debug] [2023-05-25T20:56:15.164Z] [unzip] Processing entry: client\mstile-150x150.png
[debug] [2023-05-25T20:56:15.164Z] [unzip] else mkdir: C:\Users\calvi\.cache\firebase\emulators\ui-v1.11.6\client
[debug] [2023-05-25T20:56:15.164Z] [unzip] deflating: C:\Users\calvi\.cache\firebase\emulators\ui-v1.11.6\client\mstile-150x150.png
[debug] [2023-05-25T20:56:15.165Z] [unzip] Entry: client/browserconfig.xml (compressed_size=491 bytes, uncompressed_size=822 bytes)
[debug] [2023-05-25T20:56:15.165Z] [unzip] Processing entry: client\browserconfig.xml
[debug] [2023-05-25T20:56:15.165Z] [unzip] else mkdir: C:\Users\calvi\.cache\firebase\emulators\ui-v1.11.6\client
[debug] [2023-05-25T20:56:15.165Z] [unzip] deflating: C:\Users\calvi\.cache\firebase\emulators\ui-v1.11.6\client\browserconfig.xml
[debug] [2023-05-25T20:56:15.166Z] [unzip] Entry: client/robots.txt (compressed_size=26 bytes, uncompressed_size=26 bytes)
[debug] [2023-05-25T20:56:15.166Z] [unzip] Processing entry: client\robots.txt
[debug] [2023-05-25T20:56:15.166Z] [unzip] else mkdir: C:\Users\calvi\.cache\firebase\emulators\ui-v1.11.6\client
[debug] [2023-05-25T20:56:15.166Z] [unzip] Writing file: C:\Users\calvi\.cache\firebase\emulators\ui-v1.11.6\client\robots.txt
[debug] [2023-05-25T20:56:15.167Z] [unzip] Entry: client/index.html (compressed_size=1363 bytes, uncompressed_size=3064 bytes)
[debug] [2023-05-25T20:56:15.167Z] [unzip] Processing entry: client\index.html
[debug] [2023-05-25T20:56:15.167Z] [unzip] else mkdir: C:\Users\calvi\.cache\firebase\emulators\ui-v1.11.6\client
[debug] [2023-05-25T20:56:15.167Z] [unzip] deflating: C:\Users\calvi\.cache\firebase\emulators\ui-v1.11.6\client\index.html
[debug] [2023-05-25T20:56:15.168Z] [unzip] Entry: client/favicon-16x16.png (compressed_size=757 bytes, uncompressed_size=777 bytes)
[debug] [2023-05-25T20:56:15.168Z] [unzip] Processing entry: client\favicon-16x16.png
[debug] [2023-05-25T20:56:15.168Z] [unzip] else mkdir: C:\Users\calvi\.cache\firebase\emulators\ui-v1.11.6\client
[debug] [2023-05-25T20:56:15.168Z] [unzip] deflating: C:\Users\calvi\.cache\firebase\emulators\ui-v1.11.6\client\favicon-16x16.png
[debug] [2023-05-25T20:56:15.169Z] [unzip] Entry: client/manifest.json (compressed_size=246 bytes, uncompressed_size=551 bytes)
[debug] [2023-05-25T20:56:15.169Z] [unzip] Processing entry: client\manifest.json
[debug] [2023-05-25T20:56:15.169Z] [unzip] else mkdir: C:\Users\calvi\.cache\firebase\emulators\ui-v1.11.6\client
[debug] [2023-05-25T20:56:15.169Z] [unzip] deflating: C:\Users\calvi\.cache\firebase\emulators\ui-v1.11.6\client\manifest.json
[debug] [2023-05-25T20:56:15.170Z] [unzip] Entry: client/favicon-32x32.png (compressed_size=1175 bytes, uncompressed_size=1175 bytes)
[debug] [2023-05-25T20:56:15.170Z] [unzip] Processing entry: client\favicon-32x32.png
[debug] [2023-05-25T20:56:15.170Z] [unzip] else mkdir: C:\Users\calvi\.cache\firebase\emulators\ui-v1.11.6\client
[debug] [2023-05-25T20:56:15.170Z] [unzip] Writing file: C:\Users\calvi\.cache\firebase\emulators\ui-v1.11.6\client\favicon-32x32.png
[debug] [2023-05-25T20:56:15.170Z] [unzip] Entry: client/android-chrome-192x192.png (compressed_size=7602 bytes, uncompressed_size=7834 bytes)
[debug] [2023-05-25T20:56:15.170Z] [unzip] Processing entry: client\android-chrome-192x192.png
[debug] [2023-05-25T20:56:15.170Z] [unzip] else mkdir: C:\Users\calvi\.cache\firebase\emulators\ui-v1.11.6\client
[debug] [2023-05-25T20:56:15.171Z] [unzip] deflating: C:\Users\calvi\.cache\firebase\emulators\ui-v1.11.6\client\android-chrome-192x192.png
[debug] [2023-05-25T20:56:15.171Z] [unzip] Entry: server/ (compressed_size=0 bytes, uncompressed_size=0 bytes)
[debug] [2023-05-25T20:56:15.171Z] [unzip] Processing entry: server\
[debug] [2023-05-25T20:56:15.171Z] [unzip] mkdir: C:\Users\calvi\.cache\firebase\emulators\ui-v1.11.6\server\
[debug] [2023-05-25T20:56:15.172Z] [unzip] Entry: server/server.js (compressed_size=343746 bytes, uncompressed_size=1346374 bytes)
[debug] [2023-05-25T20:56:15.172Z] [unzip] Processing entry: server\server.js
[debug] [2023-05-25T20:56:15.172Z] [unzip] else mkdir: C:\Users\calvi\.cache\firebase\emulators\ui-v1.11.6\server
[debug] [2023-05-25T20:56:15.172Z] [unzip] deflating: C:\Users\calvi\.cache\firebase\emulators\ui-v1.11.6\server\server.js
[debug] [2023-05-25T20:56:15.177Z] [unzip] Entry: server/server.js.map (compressed_size=289157 bytes, uncompressed_size=1325651 bytes)
[debug] [2023-05-25T20:56:15.177Z] [unzip] Processing entry: server\server.js.map
[debug] [2023-05-25T20:56:15.177Z] [unzip] else mkdir: C:\Users\calvi\.cache\firebase\emulators\ui-v1.11.6\server
[debug] [2023-05-25T20:56:15.177Z] [unzip] deflating: C:\Users\calvi\.cache\firebase\emulators\ui-v1.11.6\server\server.js.map
[info] i  ui: Removing outdated emulator files: ui-v1.11.5 {"metadata":{"emulator":{"name":"ui"},"message":"Removing outdated emulator files: ui-v1.11.5"}}
[info] i  ui: Removing outdated emulator files: ui-v1.11.5.zip {"metadata":{"emulator":{"name":"ui"},"message":"Removing outdated emulator files: ui-v1.11.5.zip"}}
[debug] [2023-05-25T20:56:15.194Z] Ignoring unsupported arg: auto_download {"metadata":{"emulator":{"name":"ui"},"message":"Ignoring unsupported arg: auto_download"}}
[debug] [2023-05-25T20:56:15.194Z] Ignoring unsupported arg: port {"metadata":{"emulator":{"name":"ui"},"message":"Ignoring unsupported arg: port"}}
[debug] [2023-05-25T20:56:15.195Z] Starting Emulator UI with command {"binary":"node","args":["C:\\Users\\calvi\\.cache\\firebase\\emulators\\ui-v1.11.6\\server\\server.js"],"optionalArgs":[],"joinArgs":false} {"metadata":{"emulator":{"name":"ui"},"message":"Starting Emulator UI with command {\"binary\":\"node\",\"args\":[\"C:\\\\Users\\\\calvi\\\\.cache\\\\firebase\\\\emulators\\\\ui-v1.11.6\\\\server\\\\server.js\"],\"optionalArgs\":[],\"joinArgs\":false}"}}
[info] i  ui: Emulator UI logging to ui-debug.log {"metadata":{"emulator":{"name":"ui"},"message":"Emulator UI logging to \u001b[1mui-debug.log\u001b[22m"}}
[debug] [2023-05-25T20:56:15.287Z] Web / API server started at 127.0.0.1:4000
 {"metadata":{"emulator":{"name":"ui"},"message":"Web / API server started at 127.0.0.1:4000\n"}}
[debug] [2023-05-25T20:56:15.287Z] Web / API server started at ::1:4000
 {"metadata":{"emulator":{"name":"ui"},"message":"Web / API server started at ::1:4000\n"}}
[info] 
┌─────────────────────────────────────────────────────────────┐
│ ✔  All emulators ready! It is now safe to connect your app. │
│ i  View Emulator UI at http://127.0.0.1:4000/               │
└─────────────────────────────────────────────────────────────┘

┌───────────┬────────────────┬─────────────────────────────────┐
│ Emulator  │ Host:Port      │ View in Emulator UI             │
├───────────┼────────────────┼─────────────────────────────────┤
│ Firestore │ 127.0.0.1:8080 │ http://127.0.0.1:4000/firestore │
└───────────┴────────────────┴─────────────────────────────────┘
  Emulator Hub running at 127.0.0.1:4400
  Other reserved ports: 4500, 9150

Issues? Report them at https://github.com/firebase/firebase-tools/issues and attach the *-debug.log files.
 
